{"level":"info","msg":"Using template: chest-xray","time":"2025-09-17T14:12:41.074+10:00"}
{"level":"info","msg":"Creating 1 study(ies) with 1 series each and 1 images per series","time":"2025-09-17T14:12:41.074+10:00"}
{"level":"info","msg":"Modality: CR, Region: chest, Output: studies","time":"2025-09-17T14:12:41.074+10:00"}
{"level":"info","msg":"DICOM study creation not yet implemented","time":"2025-09-17T14:12:41.074+10:00"}
{"level":"info","msg":"Creating 1 study(ies) with 1 series each and 2 images per series","time":"2025-09-17T14:24:04.424+10:00"}
{"level":"info","msg":"Modality: CR, Region: chest, Output: studies","time":"2025-09-17T14:24:04.424+10:00"}
{"level":"info","msg":"Writing study 1.2.840.10008.5.1.4.1.1.1758083044.1265375159143478388 to studies/1.2.840.10008.5.1.4.1.1.1758083044.1265375159143478388","time":"2025-09-17T14:24:04.456+10:00"}
{"level":"info","msg":"Study metadata: UID=1.2.840.10008.5.1.4.1.1.1758083044.1265375159143478388, Patient=DOE^JOHN^M (666B5A20), Description=Generated Study","time":"2025-09-17T14:24:04.456+10:00"}
{"level":"info","msg":"Writing series 1.2.840.10008.5.1.4.1.1.1758083044.7675777197700937123 with 2 images","time":"2025-09-17T14:24:04.456+10:00"}
{"level":"fatal","msg":"Application error: failed to write study 1: failed to write series 1: failed to write image 1: failed to write DICOM file: element not found","time":"2025-09-17T14:24:04.457+10:00"}
{"level":"info","msg":"Creating 1 study(ies) with 1 series each and 1 images per series","time":"2025-09-17T14:25:54.356+10:00"}
{"level":"info","msg":"Modality: CR, Region: chest, Output: studies","time":"2025-09-17T14:25:54.356+10:00"}
{"level":"info","msg":"Writing study 1.2.840.10008.5.1.4.1.1.1758083154.4576237142984955950 to studies/1.2.840.10008.5.1.4.1.1.1758083154.4576237142984955950","time":"2025-09-17T14:25:54.373+10:00"}
{"level":"info","msg":"Study metadata: UID=1.2.840.10008.5.1.4.1.1.1758083154.4576237142984955950, Patient=DOE^JOHN^M (B0B2F5FB), Description=Generated Study","time":"2025-09-17T14:25:54.373+10:00"}
{"level":"info","msg":"Writing series 1.2.840.10008.5.1.4.1.1.1758083154.8084467118838781762 with 1 images","time":"2025-09-17T14:25:54.373+10:00"}
{"level":"fatal","msg":"Application error: failed to write study 1: failed to write series 1: failed to write image 1: failed to write DICOM file: element not found","time":"2025-09-17T14:25:54.374+10:00"}
{"level":"info","msg":"Creating 1 study(ies) with 1 series each and 1 images per series","time":"2025-09-17T14:28:40.222+10:00"}
{"level":"info","msg":"Modality: CR, Region: chest, Output: studies","time":"2025-09-17T14:28:40.223+10:00"}
{"level":"info","msg":"Writing study 1.2.840.10008.5.1.4.1.1.1758083320.98009666002356711 to studies/1.2.840.10008.5.1.4.1.1.1758083320.98009666002356711","time":"2025-09-17T14:28:40.240+10:00"}
{"level":"info","msg":"Study metadata: UID=1.2.840.10008.5.1.4.1.1.1758083320.98009666002356711, Patient=DOE^JOHN^M (2788EFDB), Description=Generated Study","time":"2025-09-17T14:28:40.240+10:00"}
{"level":"info","msg":"Writing series 1.2.840.10008.5.1.4.1.1.1758083320.549632383009414763 with 1 images","time":"2025-09-17T14:28:40.240+10:00"}
{"level":"fatal","msg":"Application error: failed to write study 1: failed to write series 1: failed to write image 1: failed to write DICOM file: ValueType does not match the specified type in the VR","time":"2025-09-17T14:28:40.241+10:00"}
{"level":"info","msg":"Creating 1 study(ies) with 1 series each and 1 images per series","time":"2025-09-17T14:30:31.668+10:00"}
{"level":"info","msg":"Modality: CR, Region: chest, Output: studies","time":"2025-09-17T14:30:31.668+10:00"}
{"level":"info","msg":"Writing study 1.2.840.10008.5.1.4.1.1.1758083431.7103574639225278741 to studies/1.2.840.10008.5.1.4.1.1.1758083431.7103574639225278741","time":"2025-09-17T14:30:31.685+10:00"}
{"level":"info","msg":"Study metadata: UID=1.2.840.10008.5.1.4.1.1.1758083431.7103574639225278741, Patient=DOE^JOHN^M (E3816EE6), Description=Generated Study","time":"2025-09-17T14:30:31.685+10:00"}
{"level":"info","msg":"Writing series 1.2.840.10008.5.1.4.1.1.1758083431.2623101171723884854 with 1 images","time":"2025-09-17T14:30:31.685+10:00"}
{"level":"fatal","msg":"Application error: failed to write study 1: failed to write series 1: failed to write image 1: failed to write DICOM file: ValueType does not match the specified type in the VR","time":"2025-09-17T14:30:31.686+10:00"}
{"level":"info","msg":"Sending study 1.2.840.10008.5.1.4.1.1.1758083431.7103574639225278741 to PACS localhost:4900 (AEC: CRGODICOM, AET: ORTHANC1)","time":"2025-09-17T14:30:38.690+10:00"}
{"level":"info","msg":"Studies directory: studies, Retries: 3, Timeout: 30s","time":"2025-09-17T14:30:38.690+10:00"}
{"level":"info","msg":"Connecting to PACS at localhost:4900","time":"2025-09-17T14:30:38.690+10:00"}
{"level":"fatal","msg":"Application error: failed to connect to PACS: failed to connect to PACS: dial tcp [::1]:4900: connect: connection refused","time":"2025-09-17T14:30:38.693+10:00"}
{"level":"info","msg":"Creating 1 study(ies) with 2 series each and 2 images per series","time":"2025-09-17T14:31:38.529+10:00"}
{"level":"info","msg":"Modality: US, Region: chest, Output: studies","time":"2025-09-17T14:31:38.529+10:00"}
{"level":"info","msg":"Writing study 1.2.840.10008.5.1.4.1.1.1758083498.7338041579410929277 to studies/1.2.840.10008.5.1.4.1.1.1758083498.7338041579410929277","time":"2025-09-17T14:31:38.537+10:00"}
{"level":"info","msg":"Study metadata: UID=1.2.840.10008.5.1.4.1.1.1758083498.7338041579410929277, Patient=SMITH^JANE^M (604495C5), Description=Ultrasound Abdomen","time":"2025-09-17T14:31:38.537+10:00"}
{"level":"info","msg":"Writing series 1.2.840.10008.5.1.4.1.1.1758083498.4622601415751994922 with 2 images","time":"2025-09-17T14:31:38.537+10:00"}
{"level":"fatal","msg":"Application error: failed to write study 1: failed to write series 1: failed to write image 1: failed to write DICOM file: ValueType does not match the specified type in the VR","time":"2025-09-17T14:31:38.538+10:00"}
{"level":"info","msg":"Exporting study 1.2.840.10008.5.1.4.1.1.1758083498.7338041579410929277 to pdf format","time":"2025-09-17T14:33:16.498+10:00"}
{"level":"info","msg":"Input directory: studies","time":"2025-09-17T14:33:16.498+10:00"}
{"level":"info","msg":"Output file: ultrasound_report.pdf","time":"2025-09-17T14:33:16.498+10:00"}
{"level":"info","msg":"Export functionality not yet implemented","time":"2025-09-17T14:33:16.498+10:00"}
{"level":"info","msg":"Exporting study 1.2.840.10008.5.1.4.1.1.1758083498.7338041579410929277 to pdf format","time":"2025-09-17T14:33:29.164+10:00"}
{"level":"info","msg":"Input directory: studies","time":"2025-09-17T14:33:29.165+10:00"}
{"level":"info","msg":"Output file: ultrasound_report.pdf","time":"2025-09-17T14:33:29.165+10:00"}
{"level":"info","msg":"PDF export is handled as part of the general export process","time":"2025-09-17T14:33:29.165+10:00"}
{"level":"info","msg":"Exporting study 1.2.840.10008.5.1.4.1.1.1758083498.7338041579410929277 to studies/1.2.840.10008.5.1.4.1.1.1758083498.7338041579410929277","time":"2025-09-17T14:33:29.165+10:00"}
{"level":"info","msg":"Exporting series 1.2.840.10008.5.1.4.1.1.1758083498.7338041579410929277.series_001 with 1 images","time":"2025-09-17T14:33:29.165+10:00"}
{"level":"info","msg":"Created PDF report: studies/1.2.840.10008.5.1.4.1.1.1758083498.7338041579410929277/exports/study_1.2.840.10008.5.1.4.1.1.1758083498.7338041579410929277_report.pdf","time":"2025-09-17T14:33:29.168+10:00"}
{"level":"info","msg":"Successfully exported study to studies/1.2.840.10008.5.1.4.1.1.1758083498.7338041579410929277/exports","time":"2025-09-17T14:33:29.168+10:00"}
{"level":"info","msg":"Creating 1 study(ies) with 2 series each and 2 images per series","time":"2025-09-17T14:33:38.593+10:00"}
{"level":"info","msg":"Modality: US, Region: chest, Output: studies","time":"2025-09-17T14:33:38.594+10:00"}
{"level":"info","msg":"Writing study 1.2.840.10008.5.1.4.1.1.1758083618.1610799069534959723 to studies/1.2.840.10008.5.1.4.1.1.1758083618.1610799069534959723","time":"2025-09-17T14:33:38.603+10:00"}
{"level":"info","msg":"Study metadata: UID=1.2.840.10008.5.1.4.1.1.1758083618.1610799069534959723, Patient=SMITH^JANE^M (1E6107A0), Description=Ultrasound Abdomen - Complete Study","time":"2025-09-17T14:33:38.603+10:00"}
{"level":"info","msg":"Writing series 1.2.840.10008.5.1.4.1.1.1758083618.8152228839420661374 with 2 images","time":"2025-09-17T14:33:38.603+10:00"}
{"level":"fatal","msg":"Application error: failed to write study 1: failed to write series 1: failed to write image 1: failed to write DICOM file: ValueType does not match the specified type in the VR","time":"2025-09-17T14:33:38.604+10:00"}
{"level":"info","msg":"Exporting study 1.2.840.10008.5.1.4.1.1.1758083618.1610799069534959723 to pdf format","time":"2025-09-17T14:33:46.146+10:00"}
{"level":"info","msg":"Input directory: studies","time":"2025-09-17T14:33:46.146+10:00"}
{"level":"info","msg":"Output file: ultrasound_complete_report.pdf","time":"2025-09-17T14:33:46.146+10:00"}
{"level":"info","msg":"PDF export is handled as part of the general export process","time":"2025-09-17T14:33:46.146+10:00"}
{"level":"info","msg":"Exporting study 1.2.840.10008.5.1.4.1.1.1758083618.1610799069534959723 to studies/1.2.840.10008.5.1.4.1.1.1758083618.1610799069534959723","time":"2025-09-17T14:33:46.146+10:00"}
{"level":"info","msg":"Exporting series 1.2.840.10008.5.1.4.1.1.1758083618.1610799069534959723.series_001 with 1 images","time":"2025-09-17T14:33:46.147+10:00"}
{"level":"info","msg":"Created PDF report: studies/1.2.840.10008.5.1.4.1.1.1758083618.1610799069534959723/exports/study_1.2.840.10008.5.1.4.1.1.1758083618.1610799069534959723_report.pdf","time":"2025-09-17T14:33:46.150+10:00"}
{"level":"info","msg":"Successfully exported study to studies/1.2.840.10008.5.1.4.1.1.1758083618.1610799069534959723/exports","time":"2025-09-17T14:33:46.150+10:00"}
{"level":"info","msg":"Creating 1 study(ies) with 2 series each and 2 images per series","time":"2025-09-17T14:38:04.904+10:00"}
{"level":"info","msg":"Modality: US, Region: chest, Output: studies","time":"2025-09-17T14:38:04.904+10:00"}
{"level":"info","msg":"Writing study 1.2.840.10008.5.1.4.1.1.1758083884.615900210705117783 to studies/1.2.840.10008.5.1.4.1.1.1758083884.615900210705117783","time":"2025-09-17T14:38:04.913+10:00"}
{"level":"info","msg":"Study metadata: UID=1.2.840.10008.5.1.4.1.1.1758083884.615900210705117783, Patient=WILSON^SARAH^M (5EE3A65C), Description=Ultrasound Abdomen - Bilateral Study","time":"2025-09-17T14:38:04.913+10:00"}
{"level":"info","msg":"Writing series 1.2.840.10008.5.1.4.1.1.1758083884.3611721890006598709 with 2 images","time":"2025-09-17T14:38:04.913+10:00"}
{"level":"fatal","msg":"Application error: failed to write study 1: failed to write series 1: failed to write image 1: failed to write DICOM file: ValueType does not match the specified type in the VR","time":"2025-09-17T14:38:04.913+10:00"}
{"level":"info","msg":"Exporting study 1.2.840.10008.5.1.4.1.1.1758083884.615900210705117783 to pdf format","time":"2025-09-17T14:38:29.824+10:00"}
{"level":"info","msg":"Input directory: studies","time":"2025-09-17T14:38:29.824+10:00"}
{"level":"info","msg":"Output file: ultrasound_bilateral_report.pdf","time":"2025-09-17T14:38:29.824+10:00"}
{"level":"info","msg":"PDF export is handled as part of the general export process","time":"2025-09-17T14:38:29.825+10:00"}
{"level":"info","msg":"Exporting study 1.2.840.10008.5.1.4.1.1.1758083884.615900210705117783 to studies/1.2.840.10008.5.1.4.1.1.1758083884.615900210705117783","time":"2025-09-17T14:38:29.825+10:00"}
{"level":"info","msg":"Exporting series 1.2.840.10008.5.1.4.1.1.1758083884.615900210705117783.series_001 with 2 images","time":"2025-09-17T14:38:29.825+10:00"}
{"level":"info","msg":"Exporting series 1.2.840.10008.5.1.4.1.1.1758083884.615900210705117783.series_002 with 2 images","time":"2025-09-17T14:38:29.830+10:00"}
{"level":"info","msg":"Created PDF report: studies/1.2.840.10008.5.1.4.1.1.1758083884.615900210705117783/exports/study_1.2.840.10008.5.1.4.1.1.1758083884.615900210705117783_report.pdf","time":"2025-09-17T14:38:29.836+10:00"}
{"level":"info","msg":"Successfully exported study to studies/1.2.840.10008.5.1.4.1.1.1758083884.615900210705117783/exports","time":"2025-09-17T14:38:29.836+10:00"}
{"level":"info","msg":"Exporting study 1.2.840.10008.5.1.4.1.1.1758083884.615900210705117783 to pdf format","time":"2025-09-17T14:42:11.145+10:00"}
{"level":"info","msg":"Input directory: studies","time":"2025-09-17T14:42:11.145+10:00"}
{"level":"info","msg":"Output file: ultrasound_bilateral_report_with_images.pdf","time":"2025-09-17T14:42:11.145+10:00"}
{"level":"info","msg":"PDF export is handled as part of the general export process","time":"2025-09-17T14:42:11.146+10:00"}
{"level":"info","msg":"Exporting study 1.2.840.10008.5.1.4.1.1.1758083884.615900210705117783 to studies/1.2.840.10008.5.1.4.1.1.1758083884.615900210705117783","time":"2025-09-17T14:42:11.146+10:00"}
{"level":"info","msg":"Exporting series 1.2.840.10008.5.1.4.1.1.1758083884.615900210705117783.series_001 with 2 images","time":"2025-09-17T14:42:11.146+10:00"}
{"level":"info","msg":"Exporting series 1.2.840.10008.5.1.4.1.1.1758083884.615900210705117783.series_002 with 2 images","time":"2025-09-17T14:42:11.157+10:00"}
{"level":"info","msg":"Created PDF report: studies/1.2.840.10008.5.1.4.1.1.1758083884.615900210705117783/exports/study_1.2.840.10008.5.1.4.1.1.1758083884.615900210705117783_report.pdf","time":"2025-09-17T14:42:11.167+10:00"}
{"level":"info","msg":"Successfully exported study to studies/1.2.840.10008.5.1.4.1.1.1758083884.615900210705117783/exports","time":"2025-09-17T14:42:11.167+10:00"}
{"level":"info","msg":"Creating 1 study(ies) with 2 series each and 2 images per series","time":"2025-09-17T14:43:24.751+10:00"}
{"level":"info","msg":"Modality: CT, Region: chest, Output: studies","time":"2025-09-17T14:43:24.751+10:00"}
{"level":"info","msg":"Writing study 1.2.840.10008.5.1.4.1.1.1758084204.7177486426013495444 to studies/1.2.840.10008.5.1.4.1.1.1758084204.7177486426013495444","time":"2025-09-17T14:43:24.756+10:00"}
{"level":"info","msg":"Study metadata: UID=1.2.840.10008.5.1.4.1.1.1758084204.7177486426013495444, Patient=JOHNSON^MICHAEL^M (9B8D0F7F), Description=CT Chest - Pre and Post Contrast","time":"2025-09-17T14:43:24.756+10:00"}
{"level":"info","msg":"Writing series 1.2.840.10008.5.1.4.1.1.1758084204.5096196123092336692 with 2 images","time":"2025-09-17T14:43:24.756+10:00"}
{"level":"fatal","msg":"Application error: failed to write study 1: failed to write series 1: failed to write image 1: failed to write DICOM file: ValueType does not match the specified type in the VR","time":"2025-09-17T14:43:24.756+10:00"}
{"level":"info","msg":"Exporting study 1.2.840.10008.5.1.4.1.1.1758084204.7177486426013495444 to pdf format","time":"2025-09-17T14:43:41.278+10:00"}
{"level":"info","msg":"Input directory: studies","time":"2025-09-17T14:43:41.278+10:00"}
{"level":"info","msg":"Output file: ct_chest_pre_post_contrast_report.pdf","time":"2025-09-17T14:43:41.278+10:00"}
{"level":"info","msg":"PDF export is handled as part of the general export process","time":"2025-09-17T14:43:41.279+10:00"}
{"level":"info","msg":"Exporting study 1.2.840.10008.5.1.4.1.1.1758084204.7177486426013495444 to studies/1.2.840.10008.5.1.4.1.1.1758084204.7177486426013495444","time":"2025-09-17T14:43:41.279+10:00"}
{"level":"info","msg":"Exporting series 1.2.840.10008.5.1.4.1.1.1758084204.7177486426013495444.series_001 with 2 images","time":"2025-09-17T14:43:41.279+10:00"}
{"level":"info","msg":"Exporting series 1.2.840.10008.5.1.4.1.1.1758084204.7177486426013495444.series_002 with 3 images","time":"2025-09-17T14:43:41.288+10:00"}
{"level":"info","msg":"Created PDF report: studies/1.2.840.10008.5.1.4.1.1.1758084204.7177486426013495444/exports/study_1.2.840.10008.5.1.4.1.1.1758084204.7177486426013495444_report.pdf","time":"2025-09-17T14:43:41.303+10:00"}
{"level":"info","msg":"Successfully exported study to studies/1.2.840.10008.5.1.4.1.1.1758084204.7177486426013495444/exports","time":"2025-09-17T14:43:41.303+10:00"}
